  stdafx.cpp
  BasketFileTrader.cpp
  Unknown compiler version - please run the configure tests and report the results
c:\users\administrator\documents\visual studio 2015\projects\basketfiletrader\basketfiletrader\winnertrader.h(117): warning C4018: “<”: 有符号/无符号不匹配
c:\users\administrator\documents\visual studio 2015\projects\basketfiletrader\basketfiletrader\winnertrader.h(128): warning C4018: “<”: 有符号/无符号不匹配
  WinnerTrader.cpp
  Unknown compiler version - please run the configure tests and report the results
c:\users\administrator\documents\visual studio 2015\projects\basketfiletrader\basketfiletrader\winnertrader.h(117): warning C4018: “<”: 有符号/无符号不匹配
c:\users\administrator\documents\visual studio 2015\projects\basketfiletrader\basketfiletrader\winnertrader.h(128): warning C4018: “<”: 有符号/无符号不匹配
c:\users\administrator\documents\visual studio 2015\projects\basketfiletrader\basketfiletrader\winnertrader.cpp(383): warning C4018: “<”: 有符号/无符号不匹配
  utils.cpp
  TraderManager.cpp
  Unknown compiler version - please run the configure tests and report the results
c:\users\administrator\documents\visual studio 2015\projects\basketfiletrader\basketfiletrader\winnertrader.h(117): warning C4018: “<”: 有符号/无符号不匹配
c:\users\administrator\documents\visual studio 2015\projects\basketfiletrader\basketfiletrader\winnertrader.h(128): warning C4018: “<”: 有符号/无符号不匹配
  IMSTrader.cpp
  Unknown compiler version - please run the configure tests and report the results
  BOServer.cpp
  Unknown compiler version - please run the configure tests and report the results
c:\users\administrator\documents\visual studio 2015\projects\basketfiletrader\basketfiletrader\winnertrader.h(117): warning C4018: “<”: 有符号/无符号不匹配
c:\users\administrator\documents\visual studio 2015\projects\basketfiletrader\basketfiletrader\winnertrader.h(128): warning C4018: “<”: 有符号/无符号不匹配
  正在生成代码...
  BasketFileTrader.vcxproj -> C:\Users\Administrator\Documents\Visual Studio 2015\Projects\BasketFileTrader\Debug\BasketFileTrader.exe
  BasketFileTrader.vcxproj -> C:\Users\Administrator\Documents\Visual Studio 2015\Projects\BasketFileTrader\Debug\BasketFileTrader.pdb (Full PDB)
